<?xml version="1.0" encoding="UTF-8"?>
<!-- Generated by org.testng.reporters.JUnitReportReporter -->
<testsuite skipped="0" hostname="DESKTOP-RTKK480" name="TestRunner" tests="1" failures="0" timestamp="2021-03-20T00:11:39 EDT" time="4.092" errors="0">
  <testcase name="runScenario" time="4.092" classname="TestRunner"/>
  <system-out/>
</testsuite> <!-- TestRunner -->
